hooooooooooooooooooo
hiiiiiiiiiiiii
HV000001: Hibernate Validator 6.0.14.Final
Starting WebServiceDemoApplication on Kshitij with PID 20464 (C:\Users\23ksh\Downloads\WebServiceDemo\WebServiceDemo\target\classes started by 23ksh in C:\Users\23ksh\Downloads\WebServiceDemo\WebServiceDemo)
No active profile set, falling back to default profiles: default
Tomcat initialized with port(s): 8080 (http)
Root WebApplicationContext: initialization completed in 2271 ms
Exposing 2 endpoint(s) beneath base path '/actuator'
Mapped URL path [/v2/api-docs] onto method [public org.springframework.http.ResponseEntity<springfox.documentation.spring.web.json.Json> springfox.documentation.swagger2.web.Swagger2Controller.getDocumentation(java.lang.String,javax.servlet.http.HttpServletRequest)]
Initializing ExecutorService 'applicationTaskExecutor'
Context refreshed
Found 1 custom documentation plugin(s)
Scanning for api listing references
Generating unique operation named: handleUsingGET_1
Generating unique operation named: handleUsingGET_2
Generating unique operation named: handleUsingGET_3
Tomcat started on port(s): 8080 (http) with context path ''
Started WebServiceDemoApplication in 4.278 seconds (JVM running for 4.744)
Initializing Servlet 'dispatcherServlet'
Completed initialization in 7 ms
hooooooooooooooooooo
hooooooooooooooooooo
hooooooooooooooooooo
hooooooooooooooooooo
hooooooooooooooooooo
hooooooooooooooooooo
hooooooooooooooooooo
hooooooooooooooooooo
hooooooooooooooooooo
hooooooooooooooooooo
